2018-07-19 13:32:11.459480 08_mod00.py  begin
eps list:  [0.001, 0.0025, 0.00625, 0.015625, 0.0390625]
th_len list:  [13, 10, 6, 3, 3]
num ext list:  [0, 0, 0, 0, 0]
len(hits):  120939
2018-07-19 13:32:11.871652 step1 make_candidates
2018-07-19 13:38:16.139819 step1 merge
2018-07-19 13:38:31.030022 step1 extend 0 times
2018-07-19 13:38:31.030058 step1 compute outlier
# of outlier:  119201
# of good:  1738
step 1, total_score:0.14203335034294254
step 1, good_score: 0.994870545772498
2018-07-19 13:38:35.047224 step2 make_candidates
2018-07-19 13:44:41.482413 step2 merge
2018-07-19 13:44:55.862441 step2 extend 0 times
2018-07-19 13:44:55.862480 step2 compute outlier
# of outlier:  97918
# of good:  21283
step 2, total_score:0.3927852525039946
step 2, good_score: 0.9576774328902445
2018-07-19 13:44:59.769454 step3 make_candidates
2018-07-19 13:50:10.084002 step3 merge
2018-07-19 13:50:20.910274 step3 extend 0 times
2018-07-19 13:50:20.910313 step3 compute outlier
# of outlier:  46729
# of good:  51189
step 3, total_score:0.46476169395248
step 3, good_score: 0.5532612874409613
2018-07-19 13:50:23.949033 step4 make_candidates
2018-07-19 13:52:49.180154 step4 merge
2018-07-19 13:52:54.261355 step4 extend 0 times
2018-07-19 13:52:54.261390 step4 compute outlier
# of outlier:  10014
# of good:  36715
step 4, total_score:0.47257494508419007
step 4, good_score: 0.10080858589443009
2018-07-19 13:52:56.293529 step5 make_candidates
2018-07-19 13:53:25.081120 step5 merge
2018-07-19 13:53:27.175541 step5 extend 0 times
2018-07-19 13:53:27.175583 step5 compute outlier
# of outlier:  2412
# of good:  7602
step 5, total_score:0.4726676496038609
step 5, good_score: 0.04503501666368126
2018-07-19 13:53:28.215424 08_mod00.py  end
