2018-07-19 15:05:50.763667 15_epslin_005.py  begin
eps list:  [0.001, 0.0033333333333333335, 0.005666666666666667, 0.008, 0.05]
th_len list:  [13, 10, 6, 3, 3]
num ext list:  [0, 0, 0, 0, 0]
len(hits):  120939
2018-07-19 15:05:51.172254 step1 make_candidates
100%|██████████████████████████████████████████████████████████████| 150/150 [06:10<00:00,  2.47s/it]
2018-07-19 15:12:01.907031 step1 merge
merge begin
100%|██████████████████████████████████████████████████████████████| 150/150 [00:15<00:00,  9.83it/s]
2018-07-19 15:12:17.162029 step1 extend 0 times
2018-07-19 15:12:17.162071 step1 compute outlier
# of outlier:  119201
# of good:  1738
step 1, total_score:0.14203335034294254
step 1, good_score: 0.994870545772498
2018-07-19 15:12:21.359999 step2 make_candidates
100%|██████████████████████████████████████████████████████████████| 150/150 [06:11<00:00,  2.48s/it]
2018-07-19 15:18:32.909933 step2 merge
merge begin
100%|██████████████████████████████████████████████████████████████| 150/150 [00:13<00:00, 10.96it/s]
2018-07-19 15:18:46.605693 step2 extend 0 times
2018-07-19 15:18:46.605763 step2 compute outlier
# of outlier:  86835
# of good:  32366
step 2, total_score:0.46397684765901126
step 2, good_score: 0.91537951631649
2018-07-19 15:18:50.273316 step3 make_candidates
100%|██████████████████████████████████████████████████████████████| 150/150 [04:32<00:00,  1.82s/it]
2018-07-19 15:23:22.799347 step3 merge
merge begin
100%|██████████████████████████████████████████████████████████████| 150/150 [00:10<00:00, 14.89it/s]
2018-07-19 15:23:32.875149 step3 extend 0 times
2018-07-19 15:23:32.875197 step3 compute outlier
# of outlier:  48452
# of good:  38383
step 3, total_score:0.5002194839136191
step 3, good_score: 0.5895951184333652
2018-07-19 15:23:35.925815 step4 make_candidates
100%|██████████████████████████████████████████████████████████████| 150/150 [02:26<00:00,  1.02it/s]
2018-07-19 15:26:02.875388 step4 merge
merge begin
100%|██████████████████████████████████████████████████████████████| 150/150 [00:06<00:00, 24.37it/s]
2018-07-19 15:26:09.032813 step4 extend 0 times
2018-07-19 15:26:09.032853 step4 compute outlier
# of outlier:  18786
# of good:  29666
step 4, total_score:0.510320607929881
step 4, good_score: 0.18482662286808776
2018-07-19 15:26:11.355370 step5 make_candidates
100%|██████████████████████████████████████████████████████████████| 150/150 [01:00<00:00,  2.49it/s]
2018-07-19 15:27:11.612675 step5 merge
merge begin
100%|██████████████████████████████████████████████████████████████| 150/150 [00:02<00:00, 59.87it/s]
2018-07-19 15:27:14.119005 step5 extend 0 times
2018-07-19 15:27:14.119049 step5 compute outlier
# of outlier:  1344
# of good:  17442
step 5, total_score:0.511204266221769
step 5, good_score: 0.0344934831070704
2018-07-19 15:27:15.324467 15_epslin_005.py  end