2018-07-18 19:34:59.870640 03_extend_th4.py  begin
2018-07-18 19:35:00.339392 RemoveOutliersByQuadric begin
len(hits) :  120939
len(clusters) :  120939
2018-07-18 19:35:00.339690 evaluate score
score_by_quadric begin
len(dfh) :  120939
len(labels) :  5201
scoring for each cluster
score_by_quadric end
max[score] :  -0.0
scores[:10] [-1.00000000e+00 -7.58941565e-19 -1.00000000e+00 -1.00000000e+00
 -4.11996858e-18 -8.02309657e-18 -2.03830028e-17 -1.00000000e+00
 -6.24500395e-17 -2.42861273e-17]
2018-07-18 19:35:24.878850 HDSCAN
threashfold :  -0.0001
# of outliers :  66705
2018-07-18 19:35:33.587195 RemoveOutliersByQuadric end
step1, score: 0.47540
2018-07-18 19:35:34.242736 03_extend_th4.py  end
