2018-07-18 19:54:05.541412 04_extend_quadric.py  begin
2018-07-18 19:54:06.012478 RemoveOutliersByQuadric begin
len(hits) :  120939
len(clusters) :  120939
2018-07-18 19:54:06.012801 evaluate score
score_by_quadric begin
len(dfh) :  120939
len(labels) :  5201
scoring for each cluster
score_by_quadric end
max[score] :  -0.0
scores[:10] [-1.00000000e+00 -7.58941565e-19 -1.00000000e+00 -1.00000000e+00
 -4.11996858e-18 -8.02309657e-18 -2.03830028e-17 -1.00000000e+00
 -6.24500395e-17 -2.42861273e-17]
2018-07-18 19:54:31.073971 HDSCAN
threashfold :  -1e-05
# of outliers :  66705
2018-07-18 19:54:39.654414 RemoveOutliersByQuadric end
step1, score: 0.47540
2018-07-18 19:54:40.331578 extend begin
2018-07-18 19:55:36.923663 extend end
step2, score: 0.50300
2018-07-18 19:55:37.687973 extend begin
2018-07-18 19:56:15.677121 extend end
step3, score: 0.50374
2018-07-18 19:56:16.362021 extend begin
2018-07-18 19:56:51.297791 extend end
step4, score: 0.50388
2018-07-18 19:56:52.035235 04_extend_quadric.py  end
